<?xml version="1.0" encoding="UTF-8"?>
<testng-results ignored="0" total="2" passed="1" failed="1" skipped="0">
  <reporter-output>
  </reporter-output>
  <suite started-at="2024-11-26T01:14:25 IST" name="Suite" finished-at="2024-11-26T01:14:40 IST" duration-ms="14986">
    <groups>
    </groups>
    <test started-at="2024-11-26T01:14:25 IST" name="Test" finished-at="2024-11-26T01:14:40 IST" duration-ms="14986">
      <class name="orangeHrmTestcases.OrangeHrmLoginTestcase">
        <test-method is-config="true" signature="loader()[pri:0, instance:orangeHrmTestcases.OrangeHrmLoginTestcase@ba2f4ec]" started-at="2024-11-26T01:14:16 IST" name="loader" finished-at="2024-11-26T01:14:25 IST" duration-ms="8923" status="PASS">
          <reporter-output>
          </reporter-output>
        </test-method> <!-- loader -->
        <test-method is-config="true" signature="setUp()[pri:0, instance:orangeHrmTestcases.OrangeHrmLoginTestcase@ba2f4ec]" started-at="2024-11-26T01:14:25 IST" name="setUp" finished-at="2024-11-26T01:14:25 IST" duration-ms="0" status="PASS">
          <reporter-output>
          </reporter-output>
        </test-method> <!-- setUp -->
        <test-method signature="authentication(java.lang.String,java.lang.String,java.lang.String,java.lang.String,java.lang.String)[pri:0, instance:orangeHrmTestcases.OrangeHrmLoginTestcase@ba2f4ec]" started-at="2024-11-26T01:14:27 IST" name="authentication" data-provider="ExcelData" finished-at="2024-11-26T01:14:38 IST" duration-ms="11027" status="FAIL">
          <params>
            <param index="0">
              <value>
                <![CDATA[1.0]]>
              </value>
            </param>
            <param index="1">
              <value>
                <![CDATA[Verify that invalid credentials are not accepted.]]>
              </value>
            </param>
            <param index="2">
              <value>
                <![CDATA[admen]]>
              </value>
            </param>
            <param index="3">
              <value>
                <![CDATA[admin123]]>
              </value>
            </param>
            <param index="4">
              <value>
                <![CDATA[FALSE]]>
              </value>
            </param>
          </params>
          <exception class="java.lang.AssertionError">
            <message>
              <![CDATA[Upgrade button is not visible when it should be for status FALSE.]]>
            </message>
            <full-stacktrace>
              <![CDATA[java.lang.AssertionError: Upgrade button is not visible when it should be for status FALSE.
at org.testng.Assert.fail(Assert.java:111)
at orangeHrmModules.OrangeHrmLoginModule.buttonLogin(OrangeHrmLoginModule.java:73)
at orangeHrmTestcases.OrangeHrmLoginTestcase.authentication(OrangeHrmLoginTestcase.java:57)
at java.base/jdk.internal.reflect.DirectMethodHandleAccessor.invoke(DirectMethodHandleAccessor.java:103)
at java.base/java.lang.reflect.Method.invoke(Method.java:580)
at org.testng.internal.invokers.MethodInvocationHelper.invokeMethod(MethodInvocationHelper.java:141)
at org.testng.internal.invokers.TestInvoker.invokeMethod(TestInvoker.java:686)
at org.testng.internal.invokers.TestInvoker.invokeTestMethod(TestInvoker.java:230)
at org.testng.internal.invokers.MethodRunner.runInSequence(MethodRunner.java:63)
at org.testng.internal.invokers.TestInvoker$MethodInvocationAgent.invoke(TestInvoker.java:992)
at org.testng.internal.invokers.TestInvoker.invokeTestMethods(TestInvoker.java:203)
at org.testng.internal.invokers.TestMethodWorker.invokeTestMethods(TestMethodWorker.java:154)
at org.testng.internal.invokers.TestMethodWorker.run(TestMethodWorker.java:134)
at java.base/java.util.ArrayList.forEach(ArrayList.java:1596)
at org.testng.TestRunner.privateRun(TestRunner.java:739)
at org.testng.TestRunner.run(TestRunner.java:614)
at org.testng.SuiteRunner.runTest(SuiteRunner.java:421)
at org.testng.SuiteRunner.runSequentially(SuiteRunner.java:413)
at org.testng.SuiteRunner.privateRun(SuiteRunner.java:373)
at org.testng.SuiteRunner.run(SuiteRunner.java:312)
at org.testng.SuiteRunnerWorker.runSuite(SuiteRunnerWorker.java:52)
at org.testng.SuiteRunnerWorker.run(SuiteRunnerWorker.java:95)
at org.testng.TestNG.runSuitesSequentially(TestNG.java:1274)
at org.testng.TestNG.runSuitesLocally(TestNG.java:1208)
at org.testng.TestNG.runSuites(TestNG.java:1112)
at org.testng.TestNG.run(TestNG.java:1079)
at org.testng.remote.AbstractRemoteTestNG.run(AbstractRemoteTestNG.java:115)
at org.testng.remote.RemoteTestNG.initAndRun(RemoteTestNG.java:293)
at org.testng.remote.RemoteTestNG.main(RemoteTestNG.java:91)
]]>
            </full-stacktrace>
          </exception> <!-- java.lang.AssertionError -->
          <reporter-output>
          </reporter-output>
        </test-method> <!-- authentication -->
        <test-method signature="authentication(java.lang.String,java.lang.String,java.lang.String,java.lang.String,java.lang.String)[pri:0, instance:orangeHrmTestcases.OrangeHrmLoginTestcase@ba2f4ec]" started-at="2024-11-26T01:14:38 IST" name="authentication" data-provider="ExcelData" finished-at="2024-11-26T01:14:40 IST" duration-ms="1664" status="PASS">
          <params>
            <param index="0">
              <value>
                <![CDATA[2.0]]>
              </value>
            </param>
            <param index="1">
              <value>
                <![CDATA[Verify that the user is logged in successfully using valid credentials.]]>
              </value>
            </param>
            <param index="2">
              <value>
                <![CDATA[Admin]]>
              </value>
            </param>
            <param index="3">
              <value>
                <![CDATA[admin123]]>
              </value>
            </param>
            <param index="4">
              <value>
                <![CDATA[TRUE]]>
              </value>
            </param>
          </params>
          <reporter-output>
          </reporter-output>
        </test-method> <!-- authentication -->
        <test-method is-config="true" signature="tearDown()[pri:0, instance:orangeHrmTestcases.OrangeHrmLoginTestcase@ba2f4ec]" started-at="2024-11-26T01:14:40 IST" name="tearDown" finished-at="2024-11-26T01:14:41 IST" duration-ms="194" status="PASS">
          <reporter-output>
          </reporter-output>
        </test-method> <!-- tearDown -->
      </class> <!-- orangeHrmTestcases.OrangeHrmLoginTestcase -->
    </test> <!-- Test -->
  </suite> <!-- Suite -->
</testng-results>
